Performing C++ SOURCE FILE Test CMAKE_HAVE_LIBC_PTHREAD failed with the following output:
Change Dir: /home/puc/Área de Trabalho/Pasta sem título/build-ListaLinearSimplesmenteEncadeada-Desktop_Qt_6_3_1_GCC_64bit-Debug/CMakeFiles/CMakeTmp

Run Build Command(s):/opt/Qt/Tools/Ninja/ninja cmTC_40bb3 && [1/2] Building CXX object CMakeFiles/cmTC_40bb3.dir/src.cxx.o
[2/2] Linking CXX executable cmTC_40bb3
FAILED: cmTC_40bb3 
: && /usr/bin/g++ -DQT_QML_DEBUG  CMakeFiles/cmTC_40bb3.dir/src.cxx.o -o cmTC_40bb3   && :
/usr/bin/ld: CMakeFiles/cmTC_40bb3.dir/src.cxx.o: na função "main":
src.cxx:(.text+0x46): referência não definida para "pthread_create"
/usr/bin/ld: src.cxx:(.text+0x52): referência não definida para "pthread_detach"
/usr/bin/ld: src.cxx:(.text+0x5e): referência não definida para "pthread_cancel"
/usr/bin/ld: src.cxx:(.text+0x6f): referência não definida para "pthread_join"
collect2: error: ld returned 1 exit status
ninja: build stopped: subcommand failed.


Source file was:
#include <pthread.h>

static void* test_func(void* data)
{
  return data;
}

int main(void)
{
  pthread_t thread;
  pthread_create(&thread, NULL, test_func, NULL);
  pthread_detach(thread);
  pthread_cancel(thread);
  pthread_join(thread, NULL);
  pthread_atfork(NULL, NULL, NULL);
  pthread_exit(NULL);

  return 0;
}

