Performing C++ SOURCE FILE Test CMAKE_HAVE_LIBC_PTHREAD failed with the following output:
Change Dir: /home/diego/Área de Trabalho/recursividade/build-recursividade-Qt6-Debug/CMakeFiles/CMakeTmp

Run Build Command(s):/usr/bin/ninja cmTC_0bfee && [1/2] Building CXX object CMakeFiles/cmTC_0bfee.dir/src.cxx.o
[2/2] Linking CXX executable cmTC_0bfee
FAILED: cmTC_0bfee 
: && /usr/bin/g++ -DQT_QML_DEBUG  CMakeFiles/cmTC_0bfee.dir/src.cxx.o -o cmTC_0bfee   && :
/usr/lib/gcc/x86_64-unknown-linux-gnu/11.3.0/../../../../x86_64-unknown-linux-gnu/bin/ld: CMakeFiles/cmTC_0bfee.dir/src.cxx.o: na função "main":
src.cxx:(.text+0x3e): referência não definida para "pthread_create"
/usr/lib/gcc/x86_64-unknown-linux-gnu/11.3.0/../../../../x86_64-unknown-linux-gnu/bin/ld: src.cxx:(.text+0x4a): referência não definida para "pthread_detach"
/usr/lib/gcc/x86_64-unknown-linux-gnu/11.3.0/../../../../x86_64-unknown-linux-gnu/bin/ld: src.cxx:(.text+0x56): referência não definida para "pthread_cancel"
/usr/lib/gcc/x86_64-unknown-linux-gnu/11.3.0/../../../../x86_64-unknown-linux-gnu/bin/ld: src.cxx:(.text+0x67): referência não definida para "pthread_join"
collect2: error: ld returned 1 exit status
ninja: build stopped: subcommand failed.


Source file was:
#include <pthread.h>

static void* test_func(void* data)
{
  return data;
}

int main(void)
{
  pthread_t thread;
  pthread_create(&thread, NULL, test_func, NULL);
  pthread_detach(thread);
  pthread_cancel(thread);
  pthread_join(thread, NULL);
  pthread_atfork(NULL, NULL, NULL);
  pthread_exit(NULL);

  return 0;
}

